<?xml version="1.0" encoding="UTF-8"?>
<testng-results skipped="0" failed="1" total="2" passed="1">
  <reporter-output>
  </reporter-output>
  <suite name="Default suite" duration-ms="290004" started-at="2016-05-18T01:19:28Z" finished-at="2016-05-18T01:24:18Z">
    <groups>
    </groups>
    <test name="Default test" duration-ms="290004" started-at="2016-05-18T01:19:28Z" finished-at="2016-05-18T01:24:18Z">
      <class name="com.goeuro.tests.SortingTests">
        <test-method status="PASS" signature="setUp()[pri:0, instance:com.goeuro.tests.SortingTests@1ff8b8f]" name="setUp" is-config="true" duration-ms="3074" started-at="2016-05-18T03:19:28Z" finished-at="2016-05-18T03:19:31Z">
          <reporter-output>
          </reporter-output>
        </test-method> <!-- setUp -->
        <test-method status="PASS" signature="testResultsSortAscending()[pri:0, instance:com.goeuro.tests.SortingTests@1ff8b8f]" name="testResultsSortAscending" duration-ms="232473" started-at="2016-05-18T03:19:31Z" finished-at="2016-05-18T03:23:23Z">
          <reporter-output>
          </reporter-output>
        </test-method> <!-- testResultsSortAscending -->
        <test-method status="FAIL" signature="testResultsSortDescending()[pri:0, instance:com.goeuro.tests.SortingTests@1ff8b8f]" name="testResultsSortDescending" duration-ms="54174" started-at="2016-05-18T03:23:23Z" finished-at="2016-05-18T03:24:18Z">
          <exception class="java.lang.AssertionError">
            <message>
              <![CDATA[Lists differ at element [0]: 21.61 != 48.57 expected [21.61] but found [48.57]]]>
            </message>
            <full-stacktrace>
              <![CDATA[java.lang.AssertionError: Lists differ at element [0]: 21.61 != 48.57 expected [21.61] but found [48.57]
	at org.testng.Assert.fail(Assert.java:94)
	at org.testng.Assert.failNotEquals(Assert.java:496)
	at org.testng.Assert.assertEquals(Assert.java:125)
	at org.testng.Assert.assertEquals(Assert.java:551)
	at org.testng.Assert.assertEquals(Assert.java:516)
	at com.goeuro.framework.SearchResultsHelper.compareResults(SearchResultsHelper.java:107)
	at com.goeuro.framework.SearchResultsHelper.analyzeResultsByVehicle(SearchResultsHelper.java:102)
	at com.goeuro.tests.SortingTests.testResultsSortDescending(SortingTests.java:33)
	at sun.reflect.NativeMethodAccessorImpl.invoke0(Native Method)
	at sun.reflect.NativeMethodAccessorImpl.invoke(NativeMethodAccessorImpl.java:62)
	at sun.reflect.DelegatingMethodAccessorImpl.invoke(DelegatingMethodAccessorImpl.java:43)
	at java.lang.reflect.Method.invoke(Method.java:497)
	at org.testng.internal.MethodInvocationHelper.invokeMethod(MethodInvocationHelper.java:85)
	at org.testng.internal.Invoker.invokeMethod(Invoker.java:639)
	at org.testng.internal.Invoker.invokeTestMethod(Invoker.java:816)
	at org.testng.internal.Invoker.invokeTestMethods(Invoker.java:1124)
	at org.testng.internal.TestMethodWorker.invokeTestMethods(TestMethodWorker.java:125)
	at org.testng.internal.TestMethodWorker.run(TestMethodWorker.java:108)
	at org.testng.TestRunner.privateRun(TestRunner.java:774)
	at org.testng.TestRunner.run(TestRunner.java:624)
	at org.testng.SuiteRunner.runTest(SuiteRunner.java:359)
	at org.testng.SuiteRunner.runSequentially(SuiteRunner.java:354)
	at org.testng.SuiteRunner.privateRun(SuiteRunner.java:312)
	at org.testng.SuiteRunner.run(SuiteRunner.java:261)
	at org.testng.SuiteRunnerWorker.runSuite(SuiteRunnerWorker.java:52)
	at org.testng.SuiteRunnerWorker.run(SuiteRunnerWorker.java:86)
	at org.testng.TestNG.runSuitesSequentially(TestNG.java:1215)
	at org.testng.TestNG.runSuitesLocally(TestNG.java:1140)
	at org.testng.TestNG.run(TestNG.java:1048)
	at org.testng.remote.RemoteTestNG.run(RemoteTestNG.java:112)
	at org.testng.remote.RemoteTestNG.initAndRun(RemoteTestNG.java:205)
	at org.testng.remote.RemoteTestNG.main(RemoteTestNG.java:176)
]]>
            </full-stacktrace>
          </exception> <!-- java.lang.AssertionError -->
          <reporter-output>
          </reporter-output>
        </test-method> <!-- testResultsSortDescending -->
        <test-method status="PASS" signature="tearDown()[pri:0, instance:com.goeuro.tests.SortingTests@1ff8b8f]" name="tearDown" is-config="true" duration-ms="267" started-at="2016-05-18T03:24:18Z" finished-at="2016-05-18T03:24:18Z">
          <reporter-output>
          </reporter-output>
        </test-method> <!-- tearDown -->
      </class> <!-- com.goeuro.tests.SortingTests -->
    </test> <!-- Default test -->
  </suite> <!-- Default suite -->
</testng-results>
